Using pre-set license
Built from '2021.3/evg/staging/82bb020e-b03b1330/draft-0' branch; Version is '2021.3.16f1 (4016570cf34f) revision 4200023'; Using compiler version '192829333'; Build Type 'Release'
OS: 'Windows 10  (10.0.19045) 64bit Core' Language: 'en' Physical Memory: 3460 MB
BatchMode: 1, IsHumanControllingUs: 0, StartBugReporterOnCrash: 0, Is64bit: 1, IsPro: 1

COMMAND LINE ARGUMENTS:
C:\Program Files\Unity 2021.3.16f1\Editor\Unity.exe
-adb2
-batchMode
-noUpm
-name
AssetImportWorker0
-projectPath
C:/Politet
-logFile
Logs/AssetImportWorker0.log
-srvPort
65431
Successfully changed project path to: C:/Politet
C:/Politet
[UnityMemory] Configuration Parameters - Can be set up in boot.config
    "memorysetup-bucket-allocator-granularity=16"
    "memorysetup-bucket-allocator-bucket-count=8"
    "memorysetup-bucket-allocator-block-size=33554432"
    "memorysetup-bucket-allocator-block-count=8"
    "memorysetup-main-allocator-block-size=16777216"
    "memorysetup-thread-allocator-block-size=16777216"
    "memorysetup-gfx-main-allocator-block-size=16777216"
    "memorysetup-gfx-thread-allocator-block-size=16777216"
    "memorysetup-cache-allocator-block-size=4194304"
    "memorysetup-typetree-allocator-block-size=2097152"
    "memorysetup-profiler-bucket-allocator-granularity=16"
    "memorysetup-profiler-bucket-allocator-bucket-count=8"
    "memorysetup-profiler-bucket-allocator-block-size=33554432"
    "memorysetup-profiler-bucket-allocator-block-count=8"
    "memorysetup-profiler-allocator-block-size=16777216"
    "memorysetup-profiler-editor-allocator-block-size=1048576"
    "memorysetup-temp-allocator-size-main=16777216"
    "memorysetup-job-temp-allocator-block-size=2097152"
    "memorysetup-job-temp-allocator-block-size-background=1048576"
    "memorysetup-job-temp-allocator-reduction-small-platforms=262144"
    "memorysetup-temp-allocator-size-background-worker=32768"
    "memorysetup-temp-allocator-size-job-worker=262144"
    "memorysetup-temp-allocator-size-preload-manager=33554432"
    "memorysetup-temp-allocator-size-nav-mesh-worker=65536"
    "memorysetup-temp-allocator-size-audio-worker=65536"
    "memorysetup-temp-allocator-size-cloud-worker=32768"
    "memorysetup-temp-allocator-size-gi-baking-worker=262144"
    "memorysetup-temp-allocator-size-gfx=262144"
Player connection [8780] Host "[IP] 192.168.100.11 [Port] 0 [Flags] 2 [Guid] 4188191975 [EditorId] 4188191975 [Version] 1048832 [Id] WindowsEditor(7,Localhost) [Debug] 1 [PackageName] WindowsEditor [ProjectName] Editor" joined multi-casting on [225.0.0.222:54997]...

Player connection [8780] Host "[IP] 192.168.100.11 [Port] 0 [Flags] 2 [Guid] 4188191975 [EditorId] 4188191975 [Version] 1048832 [Id] WindowsEditor(7,Localhost) [Debug] 1 [PackageName] WindowsEditor [ProjectName] Editor" joined alternative multi-casting on [225.0.0.222:34997]...

Refreshing native plugins compatible for Editor in 63.86 ms, found 2 plugins.
Preloading 0 native plugins for Editor in 0.00 ms.
Initialize engine version: 2021.3.16f1 (4016570cf34f)
[Subsystems] Discovering subsystems at path C:/Program Files/Unity 2021.3.16f1/Editor/Data/Resources/UnitySubsystems
[Subsystems] Discovering subsystems at path C:/Politet/Assets
GfxDevice: creating device client; threaded=0; jobified=0
Direct3D:
    Version:  Direct3D 11.0 [level 11.1]
    Renderer: AMD Radeon(TM) Graphics (ID=0x15d8)
    Vendor:   ATI
    VRAM:     1730 MB
    Driver:   31.0.12024.0
Initialize mono
Mono path[0] = 'C:/Program Files/Unity 2021.3.16f1/Editor/Data/Managed'
Mono path[1] = 'C:/Program Files/Unity 2021.3.16f1/Editor/Data/MonoBleedingEdge/lib/mono/unityjit-win32'
Mono config path = 'C:/Program Files/Unity 2021.3.16f1/Editor/Data/MonoBleedingEdge/etc'
Using monoOptions --debugger-agent=transport=dt_socket,embedding=1,server=y,suspend=n,address=127.0.0.1:56904
Begin MonoManager ReloadAssembly
Registering precompiled unity dll's ...
Register platform support module: C:/Program Files/Unity 2021.3.16f1/Editor/Data/PlaybackEngines/WindowsStandaloneSupport/UnityEditor.WindowsStandalone.Extensions.dll
Registered in 0.022046 seconds.
Native extension for WindowsStandalone target not found
Refreshing native plugins compatible for Editor in 63.15 ms, found 2 plugins.
Preloading 0 native plugins for Editor in 0.00 ms.
Mono: successfully reloaded assembly
- Completed reload, in  7.786 seconds
Domain Reload Profiling:
	ReloadAssembly (7788ms)
		BeginReloadAssembly (871ms)
			ExecutionOrderSort (0ms)
			DisableScriptedObjects (0ms)
			BackupInstance (0ms)
			ReleaseScriptingObjects (0ms)
			CreateAndSetChildDomain (1ms)
		EndReloadAssembly (5759ms)
			LoadAssemblies (867ms)
			RebuildTransferFunctionScriptingTraits (0ms)
			SetupTypeCache (417ms)
			ReleaseScriptCaches (0ms)
			RebuildScriptCaches (173ms)
			SetupLoadedEditorAssemblies (4960ms)
				LogAssemblyErrors (0ms)
				InitializePlatformSupportModulesInManaged (17ms)
				SetLoadedEditorAssemblies (0ms)
				RefreshPlugins (63ms)
				BeforeProcessingInitializeOnLoad (2ms)
				ProcessInitializeOnLoadAttributes (4655ms)
				ProcessInitializeOnLoadMethodAttributes (222ms)
				AfterProcessingInitializeOnLoad (0ms)
				EditorAssembliesLoaded (1ms)
			ExecutionOrderSort2 (0ms)
			AwakeInstancesAfterBackupRestoration (0ms)
Platform modules already initialized, skipping
Registering precompiled user dll's ...
Registered in 0.491402 seconds.
Begin MonoManager ReloadAssembly
Native extension for WindowsStandalone target not found
Refreshing native plugins compatible for Editor in 1.33 ms, found 2 plugins.
Preloading 0 native plugins for Editor in 0.00 ms.
Mono: successfully reloaded assembly
- Completed reload, in  6.606 seconds
Domain Reload Profiling:
	ReloadAssembly (6607ms)
		BeginReloadAssembly (817ms)
			ExecutionOrderSort (0ms)
			DisableScriptedObjects (19ms)
			BackupInstance (0ms)
			ReleaseScriptingObjects (0ms)
			CreateAndSetChildDomain (40ms)
		EndReloadAssembly (5432ms)
			LoadAssemblies (765ms)
			RebuildTransferFunctionScriptingTraits (0ms)
			SetupTypeCache (1731ms)
			ReleaseScriptCaches (1ms)
			RebuildScriptCaches (522ms)
			SetupLoadedEditorAssemblies (1835ms)
				LogAssemblyErrors (0ms)
				InitializePlatformSupportModulesInManaged (95ms)
				SetLoadedEditorAssemblies (3ms)
				RefreshPlugins (1ms)
				BeforeProcessingInitializeOnLoad (822ms)
				ProcessInitializeOnLoadAttributes (794ms)
				ProcessInitializeOnLoadMethodAttributes (102ms)
				AfterProcessingInitializeOnLoad (17ms)
				EditorAssembliesLoaded (0ms)
			ExecutionOrderSort2 (0ms)
			AwakeInstancesAfterBackupRestoration (11ms)
Platform modules already initialized, skipping
========================================================================
Worker process is ready to serve import requests
Error creating external process 'C:/Program Files/Unity 2021.3.16f1/Editor/Data/Tools/UnityShaderCompiler.exe' : The paging file is too small for this operation to complete.
Error cleaning up external process: The handle is invalid.
Failed to launch UnityShaderCompiler.exe shader compiler! C:/Program Files/Unity 2021.3.16f1/Editor/Data/Tools/UnityShaderCompiler.exe
Error creating external process 'C:/Program Files/Unity 2021.3.16f1/Editor/Data/Tools/UnityShaderCompiler.exe' : The paging file is too small for this operation to complete.
Error cleaning up external process: The handle is invalid.
Failed to launch UnityShaderCompiler.exe shader compiler! C:/Program Files/Unity 2021.3.16f1/Editor/Data/Tools/UnityShaderCompiler.exe
Error creating external process 'C:/Program Files/Unity 2021.3.16f1/Editor/Data/Tools/UnityShaderCompiler.exe' : Insufficient system resources exist to complete the requested service.
Error cleaning up external process: The handle is invalid.
Failed to launch UnityShaderCompiler.exe shader compiler! C:/Program Files/Unity 2021.3.16f1/Editor/Data/Tools/UnityShaderCompiler.exe
Error creating external process 'C:/Program Files/Unity 2021.3.16f1/Editor/Data/Tools/UnityShaderCompiler.exe' : The paging file is too small for this operation to complete.
Error cleaning up external process: The handle is invalid.
Failed to launch UnityShaderCompiler.exe shader compiler! C:/Program Files/Unity 2021.3.16f1/Editor/Data/Tools/UnityShaderCompiler.exe
Error creating external process 'C:/Program Files/Unity 2021.3.16f1/Editor/Data/Tools/UnityShaderCompiler.exe' : The paging file is too small for this operation to complete.
Error cleaning up external process: The handle is invalid.
Failed to launch UnityShaderCompiler.exe shader compiler! C:/Program Files/Unity 2021.3.16f1/Editor/Data/Tools/UnityShaderCompiler.exe
Error creating external process 'C:/Program Files/Unity 2021.3.16f1/Editor/Data/Tools/UnityShaderCompiler.exe' : The paging file is too small for this operation to complete.
Error cleaning up external process: The handle is invalid.
Failed to launch UnityShaderCompiler.exe shader compiler! C:/Program Files/Unity 2021.3.16f1/Editor/Data/Tools/UnityShaderCompiler.exe
Error creating external process 'C:/Program Files/Unity 2021.3.16f1/Editor/Data/Tools/UnityShaderCompiler.exe' : The paging file is too small for this operation to complete.
Error cleaning up external process: The handle is invalid.
Failed to launch UnityShaderCompiler.exe shader compiler! C:/Program Files/Unity 2021.3.16f1/Editor/Data/Tools/UnityShaderCompiler.exe
Error creating external process 'C:/Program Files/Unity 2021.3.16f1/Editor/Data/Tools/UnityShaderCompiler.exe' : The paging file is too small for this operation to complete.
Error cleaning up external process: The handle is invalid.
Failed to launch UnityShaderCompiler.exe shader compiler! C:/Program Files/Unity 2021.3.16f1/Editor/Data/Tools/UnityShaderCompiler.exe
Error creating external process 'C:/Program Files/Unity 2021.3.16f1/Editor/Data/Tools/UnityShaderCompiler.exe' : The paging file is too small for this operation to complete.
Error cleaning up external process: The handle is invalid.
Failed to launch UnityShaderCompiler.exe shader compiler! C:/Program Files/Unity 2021.3.16f1/Editor/Data/Tools/UnityShaderCompiler.exe
Error creating external process 'C:/Program Files/Unity 2021.3.16f1/Editor/Data/Tools/UnityShaderCompiler.exe' : The paging file is too small for this operation to complete.
Error cleaning up external process: The handle is invalid.
Failed to launch UnityShaderCompiler.exe shader compiler! C:/Program Files/Unity 2021.3.16f1/Editor/Data/Tools/UnityShaderCompiler.exe
Shader compiler: failed to launch and initialize compiler executable, even after 10 retries
Shader compiler initialization error: Failed to launch UnityShaderCompiler.exe shader compiler! C:/Program Files/Unity 2021.3.16f1/Editor/Data/Tools/UnityShaderCompiler.exe
Fatal Error! Shader compiler initialization error: Failed to launch UnityShaderCompiler.exe shader compiler! C:/Program Files/Unity 2021.3.16f1/Editor/Data/Tools/UnityShaderCompiler.exe

Crash!!!
SymInit: Symbol-SearchPath: 'C:/Program Files/Unity 2021.3.16f1/Editor/Data/Mono;.;C:\Politet;C:\Politet\Library\BurstCache\JIT;C:\Program Files\Unity 2021.3.16f1\Editor;C:\Windows;C:\Windows\system32;', symOptions: 534, UserName: 'byben'
OS-Version: 10.0.0
C:\Program Files\Unity 2021.3.16f1\Editor\Unity.exe:Unity.exe (00007FF7CAEA0000), size: 73936896 (result: 0), SymType: '-deferred-', PDB: '', fileVersion: 2021.3.16.5719
C:\Windows\SYSTEM32\ntdll.dll:ntdll.dll (00007FFC4F010000), size: 2064384 (result: 0), SymType: '-deferred-', PDB: '', fileVersion: 10.0.19041.2130
C:\Windows\System32\KERNEL32.DLL:KERNEL32.DLL (00007FFC4DDD0000), size: 782336 (result: 0), SymType: '-deferred-', PDB: '', fileVersion: 10.0.19041.2546
C:\Windows\System32\KERNELBASE.dll:KERNELBASE.dll (00007FFC4C870000), size: 2957312 (result: 0), SymType: '-deferred-', PDB: '', fileVersion: 10.0.19041.2728
C:\Windows\System32\CRYPT32.dll:CRYPT32.dll (00007FFC4CE60000), size: 1400832 (result: 0), SymType: '-deferred-', PDB: '', fileVersion: 10.0.19041.2486
C:\Windows\System32\ucrtbase.dll:ucrtbase.dll (00007FFC4CC00000), size: 1048576 (result: 0), SymType: '-deferred-', PDB: '', fileVersion: 10.0.19041.789
C:\Windows\System32\USER32.dll:USER32.dll (00007FFC4EA00000), size: 1708032 (result: 8), SymType: '-unknown-', PDB: '', fileVersion: 10.0.19041.2486
C:\Windows\System32\win32u.dll:win32u.dll (00007FFC4C840000), size: 139264 (result: 0), SymType: '-deferred-', PDB: '', fileVersion: 10.0.19041.2728
C:\Windows\System32\GDI32.dll:GDI32.dll (00007FFC4EE80000), size: 176128 (result: 8), SymType: '-unknown-', PDB: '', fileVersion: 10.0.19041.2130
C:\Windows\System32\gdi32full.dll:gdi32full.dll (00007FFC4CD00000), size: 1110016 (result: 0), SymType: '-deferred-', PDB: '', fileVersion: 10.0.19041.2604
C:\Windows\System32\msvcp_win.dll:msvcp_win.dll (00007FFC4C710000), size: 643072 (result: 8), SymType: '-unknown-', PDB: '', fileVersion: 10.0.19041.789
C:\Windows\System32\ADVAPI32.dll:ADVAPI32.dll (00007FFC4E7B0000), size: 712704 (result: 0), SymType: '-deferred-', PDB: '', fileVersion: 10.0.19041.2130
C:\Windows\System32\msvcrt.dll:msvcrt.dll (00007FFC4DF50000), size: 647168 (result: 0), SymType: '-deferred-', PDB: '', fileVersion: 7.0.19041.546
C:\Windows\System32\sechost.dll:sechost.dll (00007FFC4EDE0000), size: 638976 (result: 0), SymType: '-deferred-', PDB: '', fileVersion: 10.0.19041.1865
C:\Windows\System32\RPCRT4.dll:RPCRT4.dll (00007FFC4E610000), size: 1196032 (result: 8), SymType: '-unknown-', PDB: '', fileVersion: 10.0.19041.2728
C:\Windows\System32\SHELL32.dll:SHELL32.dll (00007FFC4D570000), size: 7622656 (result: 8), SymType: '-unknown-', PDB: '', fileVersion: 10.0.19041.2546
C:\Windows\System32\SHLWAPI.dll:SHLWAPI.dll (00007FFC4E000000), size: 348160 (result: 0), SymType: '-deferred-', PDB: '', fileVersion: 10.0.19041.2075
C:\Windows\System32\ole32.dll:ole32.dll (00007FFC4E4D0000), size: 1220608 (result: 0), SymType: '-deferred-', PDB: '', fileVersion: 10.0.19041.1202
C:\Windows\System32\combase.dll:combase.dll (00007FFC4D210000), size: 3493888 (result: 0), SymType: '-deferred-', PDB: '', fileVersion: 10.0.19041.2311
C:\Windows\System32\IMM32.dll:IMM32.dll (00007FFC4EEB0000), size: 196608 (result: 0), SymType: '-deferred-', PDB: '', fileVersion: 10.0.19041.2673
C:\Windows\System32\SETUPAPI.dll:SETUPAPI.dll (00007FFC4E060000), size: 4620288 (result: 0), SymType: '-deferred-', PDB: '', fileVersion: 10.0.19041.2193
C:\Windows\System32\cfgmgr32.dll:cfgmgr32.dll (00007FFC4CE10000), size: 319488 (result: 0), SymType: '-deferred-', PDB: '', fileVersion: 10.0.19041.1620
C:\Windows\System32\bcrypt.dll:bcrypt.dll (00007FFC4CFC0000), size: 159744 (result: 0), SymType: '-deferred-', PDB: '', fileVersion: 10.0.19041.2486
C:\Windows\System32\WS2_32.dll:WS2_32.dll (00007FFC4E740000), size: 438272 (result: 0), SymType: '-deferred-', PDB: '', fileVersion: 10.0.19041.546
C:\Windows\System32\OLEAUT32.dll:OLEAUT32.dll (00007FFC4D140000), size: 839680 (result: 0), SymType: '-deferred-', PDB: '', fileVersion: 10.0.19041.985
C:\Windows\System32\WINTRUST.dll:WINTRUST.dll (00007FFC4CFF0000), size: 430080 (result: 0), SymType: '-deferred-', PDB: '', fileVersion: 10.0.19041.2546
C:\Program Files\Unity 2021.3.16f1\Editor\optix.6.0.0.dll:optix.6.0.0.dll (00007FFC38E00000), size: 208896 (result: 0), SymType: '-deferred-', PDB: '', fileVersion: 6.0.0.0
C:\Program Files\Unity 2021.3.16f1\Editor\libfbxsdk.dll:libfbxsdk.dll (00007FFC1BC30000), size: 10215424 (result: 0), SymType: '-deferred-', PDB: '', fileVersion: 2020.2.0.0
C:\Program Files\Unity 2021.3.16f1\Editor\s3tcompress.dll:s3tcompress.dll (00007FFC38E40000), size: 180224 (result: 0), SymType: '-deferred-', PDB: ''
C:\Program Files\Unity 2021.3.16f1\Editor\etccompress.dll:etccompress.dll (00007FFC1B750000), size: 5066752 (result: 0), SymType: '-deferred-', PDB: ''
C:\Program Files\Unity 2021.3.16f1\Editor\ispc_texcomp.dll:ispc_texcomp.dll (00007FFC1E690000), size: 1740800 (result: 0), SymType: '-deferred-', PDB: ''
C:\Program Files\Unity 2021.3.16f1\Editor\compress_bc7e.dll:compress_bc7e.dll (00007FFC1ADA0000), size: 1441792 (result: 0), SymType: '-deferred-', PDB: ''
C:\Program Files\Unity 2021.3.16f1\Editor\FreeImage.dll:FreeImage.dll (0000000180000000), size: 6582272 (result: 0), SymType: '-deferred-', PDB: '', fileVersion: 3.18.0.0
C:\Program Files\Unity 2021.3.16f1\Editor\OpenImageDenoise.dll:OpenImageDenoise.dll (00007FFBE1F70000), size: 48848896 (result: 0), SymType: '-deferred-', PDB: '', fileVersion: 1.4.2.0
C:\Program Files\Unity 2021.3.16f1\Editor\WinPixEventRuntime.dll:WinPixEventRuntime.dll (00007FFC48E80000), size: 45056 (result: 0), SymType: '-deferred-', PDB: '', fileVersion: 1.0.1812.6001
C:\Windows\SYSTEM32\OPENGL32.dll:OPENGL32.dll (00007FFBF18C0000), size: 1200128 (result: 0), SymType: '-deferred-', PDB: '', fileVersion: 10.0.19041.2193
C:\Windows\SYSTEM32\GLU32.dll:GLU32.dll (00007FFBF1670000), size: 180224 (result: 0), SymType: '-deferred-', PDB: '', fileVersion: 10.0.19041.2193
C:\Windows\SYSTEM32\IPHLPAPI.DLL:IPHLPAPI.DLL (00007FFC4BAE0000), size: 241664 (result: 0), SymType: '-deferred-', PDB: '', fileVersion: 10.0.19041.1865
C:\Windows\SYSTEM32\WINHTTP.dll:WINHTTP.dll (00007FFC40C10000), size: 1089536 (result: 0), SymType: '-deferred-', PDB: '', fileVersion: 10.0.19041.2673
C:\Windows\SYSTEM32\WINMM.dll:WINMM.dll (00007FFC42F40000), size: 159744 (result: 0), SymType: '-deferred-', PDB: '', fileVersion: 10.0.19041.546
C:\Windows\SYSTEM32\HID.DLL:HID.DLL (00007FFC4AC80000), size: 53248 (result: 0), SymType: '-deferred-', PDB: '', fileVersion: 10.0.19041.546
C:\Windows\SYSTEM32\dwmapi.dll:dwmapi.dll (00007FFC4A180000), size: 192512 (result: 0), SymType: '-deferred-', PDB: '', fileVersion: 10.0.19041.746
C:\Program Files\Unity 2021.3.16f1\Editor\RadeonImageFilters.dll:RadeonImageFilters.dll (00007FFC1B0E0000), size: 2961408 (result: 0), SymType: '-deferred-', PDB: '', fileVersion: 1.7.0.0
C:\Program Files\Unity 2021.3.16f1\Editor\SketchUpAPI.dll:SketchUpAPI.dll (00007FFC1A420000), size: 9306112 (result: 0), SymType: '-deferred-', PDB: '', fileVersion: 20.2.172.0
C:\Windows\SYSTEM32\VERSION.dll:VERSION.dll (00007FFC42F70000), size: 40960 (result: 0), SymType: '-deferred-', PDB: '', fileVersion: 10.0.19041.546
C:\Windows\SYSTEM32\WSOCK32.dll:WSOCK32.dll (00007FFC46CD0000), size: 36864 (result: 0), SymType: '-deferred-', PDB: '', fileVersion: 10.0.19041.1
C:\Program Files\Unity 2021.3.16f1\Editor\tbb12.dll:tbb12.dll (00007FFC38D90000), size: 434176 (result: 0), SymType: '-deferred-', PDB: ''
C:\Windows\SYSTEM32\MSVCP140.dll:MSVCP140.dll (00007FFC3A510000), size: 581632 (result: 0), SymType: '-deferred-', PDB: '', fileVersion: 14.34.31931.0
C:\Windows\SYSTEM32\VCRUNTIME140.dll:VCRUNTIME140.dll (00007FFC3A4F0000), size: 110592 (result: 0), SymType: '-deferred-', PDB: '', fileVersion: 14.34.31931.0
C:\Program Files\Unity 2021.3.16f1\Editor\SketchUpCommonPreferences.dll:SketchUpCommonPreferences.dll (00007FFC1DA60000), size: 479232 (result: 0), SymType: '-deferred-', PDB: '', fileVersion: 20.2.172.37
C:\Program Files\Unity 2021.3.16f1\Editor\umbraoptimizer64.dll:umbraoptimizer64.dll (00007FFC1B620000), size: 1187840 (result: 0), SymType: '-deferred-', PDB: ''
C:\Windows\SYSTEM32\Secur32.dll:Secur32.dll (00007FFC3A220000), size: 49152 (result: 0), SymType: '-deferred-', PDB: '', fileVersion: 10.0.19041.546
C:\Program Files\Unity 2021.3.16f1\Editor\tbbmalloc.dll:tbbmalloc.dll (00007FFC1E640000), size: 282624 (result: 0), SymType: '-deferred-', PDB: ''
C:\Program Files\Unity 2021.3.16f1\Editor\RadeonML.dll:RadeonML.dll (00007FFC448A0000), size: 94208 (result: 0), SymType: '-deferred-', PDB: '', fileVersion: 0.9.11.0
C:\Windows\SYSTEM32\VCRUNTIME140_1.dll:VCRUNTIME140_1.dll (00007FFC3A470000), size: 49152 (result: 0), SymType: '-deferred-', PDB: '', fileVersion: 14.34.31931.0
C:\Windows\SYSTEM32\SSPICLI.DLL:SSPICLI.DLL (00007FFC4C5D0000), size: 204800 (result: 0), SymType: '-deferred-', PDB: '', fileVersion: 10.0.19041.2130
C:\Program Files\Unity 2021.3.16f1\Editor\OpenRL.dll:OpenRL.dll (0000024BD7500000), size: 12779520 (result: 0), SymType: '-deferred-', PDB: '', fileVersion: 1.5.0.2907
C:\Windows\SYSTEM32\MSVCR100.dll:MSVCR100.dll (0000000063940000), size: 860160 (result: 0), SymType: '-deferred-', PDB: '', fileVersion: 10.0.40219.325
C:\Program Files\Unity 2021.3.16f1\Editor\embree.dll:embree.dll (00007FFBDB420000), size: 16711680 (result: 0), SymType: '-deferred-', PDB: '', fileVersion: 2.14.0.0
C:\Windows\SYSTEM32\MSVCP100.dll:MSVCP100.dll (0000000063A20000), size: 622592 (result: 0), SymType: '-deferred-', PDB: '', fileVersion: 10.0.40219.325
C:\Program Files\Unity 2021.3.16f1\Editor\tbb.dll:tbb.dll (00007FFC1D9F0000), size: 413696 (result: 0), SymType: '-deferred-', PDB: '', fileVersion: 2017.0.2016.1004
C:\Windows\SYSTEM32\MSVCP120.dll:MSVCP120.dll (00007FFC1B570000), size: 679936 (result: 0), SymType: '-deferred-', PDB: '', fileVersion: 12.0.40649.5
C:\Windows\SYSTEM32\MSVCR120.dll:MSVCR120.dll (00007FFC1A330000), size: 978944 (result: 0), SymType: '-deferred-', PDB: '', fileVersion: 12.0.40649.5
C:\Windows\SYSTEM32\MSWSOCK.DLL:MSWSOCK.DLL (00007FFC4BDF0000), size: 434176 (result: 0), SymType: '-deferred-', PDB: '', fileVersion: 10.0.19041.546
C:\Program Files\Unity 2021.3.16f1\Editor\OpenRL_pthread.dll:OpenRL_pthread.dll (0000024BD8150000), size: 61440 (result: 0), SymType: '-deferred-', PDB: '', fileVersion: 2.9.0.0
C:\Windows\SYSTEM32\MSASN1.dll:MSASN1.dll (00007FFC4C220000), size: 73728 (result: 0), SymType: '-deferred-', PDB: '', fileVersion: 10.0.19041.2251
C:\Windows\SYSTEM32\kernel.appcore.dll:kernel.appcore.dll (00007FFC4AF60000), size: 73728 (result: 0), SymType: '-deferred-', PDB: '', fileVersion: 10.0.19041.546
C:\Windows\System32\bcryptPrimitives.dll:bcryptPrimitives.dll (00007FFC4C7B0000), size: 532480 (result: 0), SymType: '-deferred-', PDB: '', fileVersion: 10.0.19041.2486
C:\Windows\system32\uxtheme.dll:uxtheme.dll (00007FFC49DC0000), size: 647168 (result: 0), SymType: '-deferred-', PDB: '', fileVersion: 10.0.19041.2193
C:\Windows\System32\shcore.dll:shcore.dll (00007FFC4DCC0000), size: 708608 (result: 0), SymType: '-deferred-', PDB: '', fileVersion: 10.0.19041.1865
C:\Windows\SYSTEM32\windows.storage.dll:windows.storage.dll (00007FFC4A470000), size: 7938048 (result: 0), SymType: '-deferred-', PDB: '', fileVersion: 10.0.19041.2673
C:\Windows\SYSTEM32\Wldp.dll:Wldp.dll (00007FFC4C090000), size: 196608 (result: 0), SymType: '-deferred-', PDB: '', fileVersion: 10.0.19041.2673
C:\Windows\SYSTEM32\profapi.dll:profapi.dll (00007FFC4C650000), size: 126976 (result: 0), SymType: '-deferred-', PDB: '', fileVersion: 10.0.19041.844
C:\Windows\system32\IconCodecService.dll:IconCodecService.dll (00007FFC467E0000), size: 36864 (result: 0), SymType: '-deferred-', PDB: '', fileVersion: 10.0.19041.1
C:\Windows\SYSTEM32\WindowsCodecs.dll:WindowsCodecs.dll (00007FFC46920000), size: 1785856 (result: 0), SymType: '-deferred-', PDB: '', fileVersion: 10.0.19041.1706
C:\Windows\System32\clbcatq.dll:clbcatq.dll (00007FFC4DEA0000), size: 692224 (result: 0), SymType: '-deferred-', PDB: '', fileVersion: 2001.12.10941.16384
C:\Windows\System32\netprofm.dll:netprofm.dll (00007FFC472E0000), size: 253952 (result: 0), SymType: '-deferred-', PDB: '', fileVersion: 10.0.19041.2311
C:\Windows\System32\npmproxy.dll:npmproxy.dll (00007FFC3D7D0000), size: 65536 (result: 0), SymType: '-deferred-', PDB: '', fileVersion: 10.0.19041.2311
C:\Windows\System32\NSI.dll:NSI.dll (00007FFC4DFF0000), size: 32768 (result: 0), SymType: '-deferred-', PDB: '', fileVersion: 10.0.19041.610
C:\Windows\SYSTEM32\dhcpcsvc6.DLL:dhcpcsvc6.DLL (00007FFC40EA0000), size: 94208 (result: 0), SymType: '-deferred-', PDB: '', fileVersion: 10.0.19041.2673
C:\Windows\SYSTEM32\dhcpcsvc.DLL:dhcpcsvc.DLL (00007FFC43140000), size: 118784 (result: 0), SymType: '-deferred-', PDB: '', fileVersion: 10.0.19041.2673
C:\Windows\SYSTEM32\DNSAPI.dll:DNSAPI.dll (00007FFC4BB20000), size: 831488 (result: 0), SymType: '-deferred-', PDB: '', fileVersion: 10.0.19041.2546
C:\Windows\system32\napinsp.dll:napinsp.dll (00007FFBDB3A0000), size: 94208 (result: 0), SymType: '-deferred-', PDB: '', fileVersion: 10.0.19041.546
C:\Windows\system32\pnrpnsp.dll:pnrpnsp.dll (00007FFBDB380000), size: 110592 (result: 0), SymType: '-deferred-', PDB: '', fileVersion: 10.0.19041.546
C:\Windows\system32\wshbth.dll:wshbth.dll (00007FFC45470000), size: 86016 (result: 0), SymType: '-deferred-', PDB: '', fileVersion: 10.0.19041.546
C:\Windows\system32\NLAapi.dll:NLAapi.dll (00007FFC47DD0000), size: 118784 (result: 0), SymType: '-deferred-', PDB: '', fileVersion: 10.0.19041.2193
C:\Windows\System32\winrnr.dll:winrnr.dll (00007FFBDB360000), size: 73728 (result: 0), SymType: '-deferred-', PDB: '', fileVersion: 10.0.19041.546
C:\Windows\System32\fwpuclnt.dll:fwpuclnt.dll (00007FFC3D2C0000), size: 524288 (result: 0), SymType: '-deferred-', PDB: '', fileVersion: 10.0.19041.2486
C:\Windows\System32\rasadhlp.dll:rasadhlp.dll (00007FFC3D140000), size: 40960 (result: 0), SymType: '-deferred-', PDB: '', fileVersion: 10.0.19041.546
C:\Program Files\Unity 2021.3.16f1\Editor\NVUnityPlugin.DLL:NVUnityPlugin.DLL (00007FFBDABF0000), size: 1536000 (result: 0), SymType: '-deferred-', PDB: ''
C:\Program Files\Unity 2021.3.16f1\Editor\Data\Tools\astcenc-avx2.dll:astcenc-avx2.dll (00007FFBDAB10000), size: 561152 (result: 0), SymType: '-deferred-', PDB: ''
C:\Windows\SYSTEM32\d3d11.dll:d3d11.dll (00007FFC48630000), size: 2502656 (result: 0), SymType: '-deferred-', PDB: '', fileVersion: 10.0.19041.2075
C:\Windows\SYSTEM32\dxgi.dll:dxgi.dll (00007FFC4AFD0000), size: 995328 (result: 0), SymType: '-deferred-', PDB: '', fileVersion: 10.0.19041.2311
C:\Windows\System32\DriverStore\FileRepository\u0385914.inf_amd64_728327554da2f068\B382773\aticfx64.dll:aticfx64.dll (00007FFC42F80000), size: 1814528 (result: 0), SymType: '-deferred-', PDB: '', fileVersion: 31.0.12024.0
C:\Windows\System32\DriverStore\FileRepository\u0385914.inf_amd64_728327554da2f068\B382773\atiuxp64.dll:atiuxp64.dll (00007FFC42E10000), size: 233472 (result: 0), SymType: '-deferred-', PDB: '', fileVersion: 31.0.12024.0
C:\Windows\System32\DriverStore\FileRepository\u0385914.inf_amd64_728327554da2f068\B382773\atidxx64.dll:atidxx64.dll (00007FFC40EC0000), size: 32673792 (result: 0), SymType: '-deferred-', PDB: '', fileVersion: 31.0.12024.0
C:\Windows\SYSTEM32\apphelp.dll:apphelp.dll (00007FFC49B00000), size: 589824 (result: 0), SymType: '-deferred-', PDB: '', fileVersion: 10.0.19041.2546
C:\Windows\SYSTEM32\amdihk64.dll:amdihk64.dll (00007FFC40770000), size: 217088 (result: 0), SymType: '-deferred-', PDB: '', fileVersion: 2.0.0.1788
C:\Windows\SYSTEM32\dxcore.dll:dxcore.dll (00007FFC440A0000), size: 241664 (result: 0), SymType: '-deferred-', PDB: '', fileVersion: 10.0.19041.546
C:\Windows\SYSTEM32\D3DSCache.dll:D3DSCache.dll (00007FFC40310000), size: 176128 (result: 0), SymType: '-deferred-', PDB: '', fileVersion: 10.0.19041.746
C:\Windows\SYSTEM32\USERENV.dll:USERENV.dll (00007FFC4C610000), size: 188416 (result: 0), SymType: '-deferred-', PDB: '', fileVersion: 10.0.19041.572
C:\Windows\system32\wbem\wbemprox.dll:wbemprox.dll (00007FFC36F10000), size: 69632 (result: 0), SymType: '-deferred-', PDB: '', fileVersion: 10.0.19041.1320
C:\Windows\SYSTEM32\wbemcomn.dll:wbemcomn.dll (00007FFC3B4A0000), size: 589824 (result: 0), SymType: '-deferred-', PDB: '', fileVersion: 10.0.19041.1566
C:\Windows\system32\wbem\wbemsvc.dll:wbemsvc.dll (00007FFC35F70000), size: 81920 (result: 0), SymType: '-deferred-', PDB: '', fileVersion: 10.0.19041.1320
C:\Windows\system32\wbem\fastprox.dll:fastprox.dll (00007FFC36110000), size: 1093632 (result: 0), SymType: '-deferred-', PDB: '', fileVersion: 10.0.19041.546
C:\Windows\SYSTEM32\amsi.dll:amsi.dll (00007FFC312A0000), size: 126976 (result: 0), SymType: '-deferred-', PDB: '', fileVersion: 10.0.19041.2075
C:\ProgramData\Microsoft\Windows Defender\Platform\4.18.2302.7-0\MpOav.dll:MpOav.dll (00007FFC30CD0000), size: 503808 (result: 0), SymType: '-deferred-', PDB: '', fileVersion: 4.18.2302.7
C:\Windows\SYSTEM32\opencl.dll:opencl.dll (00007FFBEFEE0000), size: 507904 (result: 0), SymType: '-deferred-', PDB: '', fileVersion: 3.0.0.0
C:\Program Files\Unity 2021.3.16f1\Editor\radeonrays.dll:radeonrays.dll (00007FFBD68F0000), size: 557056 (result: 0), SymType: '-deferred-', PDB: ''
C:\Program Files\Unity 2021.3.16f1\Editor\Data\MonoBleedingEdge\EmbedRuntime\mono-2.0-bdwgc.dll:mono-2.0-bdwgc.dll (00007FFBD5EB0000), size: 10686464 (result: 0), SymType: '-deferred-', PDB: ''
C:\Windows\SYSTEM32\dbghelp.dll:dbghelp.dll (00007FFC4AD50000), size: 1982464 (result: 0), SymType: '-deferred-', PDB: '', fileVersion: 10.0.19041.867

========== OUTPUTTING STACK TRACE ==================

SymInit: Symbol-SearchPath: 'C:/Program Files/Unity 2021.3.16f1/Editor/Data/Mono;.;C:\Politet;C:\Politet\Library\BurstCache\JIT;C:\Program Files\Unity 2021.3.16f1\Editor;C:\Windows;C:\Windows\system32;', symOptions: 534, UserName: 'byben'
OS-Version: 10.0.0
C:\Program Files\Unity 2021.3.16f1\Editor\Unity.exe:Unity.exe (00007FF7CAEA0000), size: 73936896 (result: -529697949), SymType: '-deferred-', PDB: '', fileVersion: 2021.3.16.5719
C:\Windows\SYSTEM32\ntdll.dll:ntdll.dll (00007FFC4F010000), size: 2064384 (result: 0), SymType: '-exported-', PDB: 'C:\Windows\SYSTEM32\ntdll.dll', fileVersion: 10.0.19041.2130
C:\Windows\System32\KERNEL32.DLL:KERNEL32.DLL (00007FFC4DDD0000), size: 782336 (result: 0), SymType: '-nosymbols-', PDB: 'C:\Windows\System32\KERNEL32.DLL', fileVersion: 10.0.19041.2546
C:\Windows\System32\KERNELBASE.dll:KERNELBASE.dll (00007FFC4C870000), size: 2957312 (result: 0), SymType: '-nosymbols-', PDB: 'C:\Windows\System32\KERNELBASE.dll', fileVersion: 10.0.19041.2728
C:\Windows\System32\CRYPT32.dll:CRYPT32.dll (00007FFC4CE60000), size: 1400832 (result: 0), SymType: '-nosymbols-', PDB: 'C:\Windows\System32\CRYPT32.dll', fileVersion: 10.0.19041.2486
C:\Windows\System32\ucrtbase.dll:ucrtbase.dll (00007FFC4CC00000), size: 1048576 (result: 0), SymType: '-nosymbols-', PDB: 'C:\Windows\System32\ucrtbase.dll', fileVersion: 10.0.19041.789
C:\Windows\System32\USER32.dll:USER32.dll (00007FFC4EA00000), size: 1708032 (result: 0), SymType: '-deferred-', PDB: '', fileVersion: 10.0.19041.2486
C:\Windows\System32\win32u.dll:win32u.dll (00007FFC4C840000), size: 139264 (result: 0), SymType: '-nosymbols-', PDB: 'C:\Windows\System32\win32u.dll', fileVersion: 10.0.19041.2728
C:\Windows\System32\GDI32.dll:GDI32.dll (00007FFC4EE80000), size: 176128 (result: 0), SymType: '-deferred-', PDB: '', fileVersion: 10.0.19041.2130
C:\Windows\System32\gdi32full.dll:gdi32full.dll (00007FFC4CD00000), size: 1110016 (result: 0), SymType: '-nosymbols-', PDB: 'C:\Windows\System32\gdi32full.dll', fileVersion: 10.0.19041.2604
C:\Windows\System32\msvcp_win.dll:msvcp_win.dll (00007FFC4C710000), size: 643072 (result: 0), SymType: '-deferred-', PDB: '', fileVersion: 10.0.19041.789
C:\Windows\System32\ADVAPI32.dll:ADVAPI32.dll (00007FFC4E7B0000), size: 712704 (result: 0), SymType: '-nosymbols-', PDB: 'C:\Windows\System32\ADVAPI32.dll', fileVersion: 10.0.19041.2130
C:\Windows\System32\msvcrt.dll:msvcrt.dll (00007FFC4DF50000), size: 647168 (result: 0), SymType: '-nosymbols-', PDB: 'C:\Windows\System32\msvcrt.dll', fileVersion: 7.0.19041.546
C:\Windows\System32\sechost.dll:sechost.dll (00007FFC4EDE0000), size: 638976 (result: 0), SymType: '-exported-', PDB: 'C:\Windows\System32\sechost.dll', fileVersion: 10.0.19041.1865
C:\Windows\System32\RPCRT4.dll:RPCRT4.dll (00007FFC4E610000), size: 1196032 (result: 0), SymType: '-deferred-', PDB: '', fileVersion: 10.0.19041.2728
C:\Windows\System32\SHELL32.dll:SHELL32.dll (00007FFC4D570000), size: 7622656 (result: 0), SymType: '-deferred-', PDB: '', fileVersion: 10.0.19041.2546
C:\Windows\System32\SHLWAPI.dll:SHLWAPI.dll (00007FFC4E000000), size: 348160 (result: 0), SymType: '-nosymbols-', PDB: 'C:\Windows\System32\SHLWAPI.dll', fileVersion: 10.0.19041.2075
C:\Windows\System32\ole32.dll:ole32.dll (00007FFC4E4D0000), size: 1220608 (result: 0), SymType: '-nosymbols-', PDB: 'C:\Windows\System32\ole32.dll', fileVersion: 10.0.19041.1202
  ERROR: SymGetSymFromAddr64, GetLastError: 'Attempt to access invalid address.' (Address: 00007FFC4C89CD29)
0x00007FFC4C89CD29 (KERNELBASE) (function-name not available)
  ERROR: SymGetSymFromAddr64, GetLastError: 'Unknown error [-529697949]' (Address: 00007FF7CC8CD25B)
0x00007FF7CC8CD25B (Unity) (function-name not available)
  ERROR: SymGetSymFromAddr64, GetLastError: 'Unknown error [-529697949]' (Address: 00007FF7CC8CDD4D)
0x00007FF7CC8CDD4D (Unity) (function-name not available)
  ERROR: SymGetSymFromAddr64, GetLastError: 'Unknown error [-529697949]' (Address: 00007FF7CD4E1517)
0x00007FF7CD4E1517 (Unity) (function-name not available)
  ERROR: SymGetSymFromAddr64, GetLastError: 'Unknown error [-529697949]' (Address: 00007FF7CD4E0C6D)
0x00007FF7CD4E0C6D (Unity) (function-name not available)
  ERROR: SymGetSymFromAddr64, GetLastError: 'Unknown error [-529697949]' (Address: 00007FF7CCE091E6)
0x00007FF7CCE091E6 (Unity) (function-name not available)
  ERROR: SymGetSymFromAddr64, GetLastError: 'Unknown error [-529697949]' (Address: 00007FF7CCE0B223)
0x00007FF7CCE0B223 (Unity) (function-name not available)
  ERROR: SymGetSymFromAddr64, GetLastError: 'Unknown error [-529697949]' (Address: 00007FF7CCE0B367)
0x00007FF7CCE0B367 (Unity) (function-name not available)
  ERROR: SymGetSymFromAddr64, GetLastError: 'Unknown error [-529697949]' (Address: 00007FF7CBBA9169)
0x00007FF7CBBA9169 (Unity) (function-name not available)
  ERROR: SymGetSymFromAddr64, GetLastError: 'Unknown error [-529697949]' (Address: 00007FF7CC8B35AC)
0x00007FF7CC8B35AC (Unity) (function-name not available)
  ERROR: SymGetSymFromAddr64, GetLastError: 'Unknown error [-529697949]' (Address: 00007FF7CBBC8E70)
0x00007FF7CBBC8E70 (Unity) (function-name not available)
  ERROR: SymGetSymFromAddr64, GetLastError: 'Unknown error [-529697949]' (Address: 00007FF7CBBCA2DB)
0x00007FF7CBBCA2DB (Unity) (function-name not available)
  ERROR: SymGetSymFromAddr64, GetLastError: 'Unknown error [-529697949]' (Address: 00007FF7CBBD0E7C)
0x00007FF7CBBD0E7C (Unity) (function-name not available)
  ERROR: SymGetSymFromAddr64, GetLastError: 'Unknown error [-529697949]' (Address: 00007FF7CD54B427)
0x00007FF7CD54B427 (Unity) (function-name not available)
  ERROR: SymGetSymFromAddr64, GetLastError: 'Unknown error [-529697949]' (Address: 00007FF7CC8BC945)
0x00007FF7CC8BC945 (Unity) (function-name not available)
  ERROR: SymGetSymFromAddr64, GetLastError: 'Unknown error [-529697949]' (Address: 00007FF7CD54D82E)
0x00007FF7CD54D82E (Unity) (function-name not available)
  ERROR: SymGetSymFromAddr64, GetLastError: 'Unknown error [-529697949]' (Address: 00007FF7CD1EE20D)
0x00007FF7CD1EE20D (Unity) (function-name not available)
  ERROR: SymGetSymFromAddr64, GetLastError: 'Unknown error [-529697949]' (Address: 00007FF7CD22F392)
0x00007FF7CD22F392 (Unity) (function-name not available)
  ERROR: SymGetSymFromAddr64, GetLastError: 'Unknown error [-529697949]' (Address: 00007FF7CD21B27E)
0x00007FF7CD21B27E (Unity) (function-name not available)
  ERROR: SymGetSymFromAddr64, GetLastError: 'Unknown error [-529697949]' (Address: 00007FF7CD21CEAE)
0x00007FF7CD21CEAE (Unity) (function-name not available)
  ERROR: SymGetSymFromAddr64, GetLastError: 'Unknown error [-529697949]' (Address: 00007FF7CD22D77E)
0x00007FF7CD22D77E (Unity) (function-name not available)
  ERROR: SymGetSymFromAddr64, GetLastError: 'Unknown error [-529697949]' (Address: 00007FF7CD20038F)
0x00007FF7CD20038F (Unity) (function-name not available)
  ERROR: SymGetSymFromAddr64, GetLastError: 'The specified module could not be found.' (Address: 00007FF7CD1CA3D3)
0x00007FF7CD1CA3D3 (Unity) (function-name not available)
  ERROR: SymGetSymFromAddr64, GetLastError: 'The specified module could not be found.' (Address: 00007FF7CD1CA45B)
0x00007FF7CD1CA45B (Unity) (function-name not available)
  ERROR: SymGetSymFromAddr64, GetLastError: 'Unknown error [-529697949]' (Address: 00007FF7CC9E5DA8)
0x00007FF7CC9E5DA8 (Unity) (function-name not available)
  ERROR: SymGetSymFromAddr64, GetLastError: 'Unknown error [-529697949]' (Address: 00007FF7CCE4B0A8)
0x00007FF7CCE4B0A8 (Unity) (function-name not available)
  ERROR: SymGetSymFromAddr64, GetLastError: 'Unknown error [-529697949]' (Address: 00007FF7CE1FE78E)
0x00007FF7CE1FE78E (Unity) (function-name not available)
  ERROR: SymGetSymFromAddr64, GetLastError: 'Attempt to access invalid address.' (Address: 00007FFC4DDE7614)
0x00007FFC4DDE7614 (KERNEL32) (function-name not available)
0x00007FFC4F0626A1 (ntdll) RtlUserThreadStart

========== END OF STACKTRACE ===========

A crash has been intercepted by the crash handler. For call stack and other details, see the latest crash report generated in:
 * C:/Users/byben/AppData/Local/Temp/Unity/Editor/Crashes
